[debug] > Exec(early(addDefaultCommands), None, None)
[debug] > Exec(addDefaultCommands, None, None)
[debug] > Exec(early(initialize), None, None)
[debug] > Exec(initialize, None, None)
[debug] > Exec(early(addPluginSbtFile="""C:\Users\CoolerMaster\AppData\Local\Temp\idea1.sbt"""), None, None)
[debug] > Exec(addPluginSbtFile="""C:\Users\CoolerMaster\AppData\Local\Temp\idea1.sbt""", None, None)
[debug] > Exec(boot, None, None)
[debug] > Exec(writeSbtVersion, None, None)
[debug] > Exec(reload, None, None)
[debug] > Exec(sbtStashOnFailure, None, None)
[debug] > Exec(onFailure loadFailed, None, None)
[debug] > Exec(loadp, None, None)
[info] welcome to sbt 1.4.7 (Oracle Corporation Java 15.0.1)
[debug]                   Load.loadUnit: plugins took 85.4369ms
[debug]                   Load.loadUnit: defsScala took 0.2402ms
[debug] [Loading] Scanning directory C:\Users\CoolerMaster\.sbt\1.0\plugins\project\project
[debug] [Loading] Found non-root projects 
[debug] [Loading] Done in C:\Users\CoolerMaster\.sbt\1.0\plugins\project\project, returning: ()
[debug] deducing auto plugins based on known facts Set(Atom(sbt.plugins.CorePlugin)) and clauses Clauses(List(Clause(Atom(sbt.plugins.JvmPlugin),Set(Atom(sbt.plugins.IvyPlugin))), Clause(Atom(sbt.ScriptedPlugin),Set(Atom(sbt.plugins.JvmPlugin))), Clause(Atom(sbt.plugins.SbtPlugin),Set(Atom(sbt.ScriptedPlugin))), Clause(Atom(sbt.plugins.SemanticdbPlugin),Set(Atom(sbt.plugins.JvmPlugin))), Clause(Atom(sbt.plugins.JUnitXmlReportPlugin),Set(Atom(sbt.plugins.JvmPlugin))), Clause(Atom(sbt.plugins.MiniDependencyTreePlugin),Set(Atom(sbt.plugins.JvmPlugin))), Clause(Atom(sbt.plugins.CorePlugin),Set(Atom(sbt.plugins.IvyPlugin))), Clause(Atom(sbt.plugins.IvyPlugin),Set(Atom(sbt.plugins.JvmPlugin))), Clause(Atom(sbt.plugins.JvmPlugin),Set(Atom(sbt.plugins.SemanticdbPlugin))), Clause(Atom(sbt.plugins.JvmPlugin),Set(Atom(sbt.plugins.JUnitXmlReportPlugin))), Clause(Atom(sbt.plugins.CorePlugin),Set(Atom(sbt.plugins.Giter8TemplatePlugin))), Clause(Atom(sbt.plugins.JvmPlugin),Set(Atom(sbt.plugins.MiniDependencyTreePlugin)))))
[debug]   :: deduced result: Matched(sbt.plugins.CorePlugin,sbt.plugins.Giter8TemplatePlugin,sbt.plugins.IvyPlugin,sbt.plugins.JvmPlugin,sbt.plugins.MiniDependencyTreePlugin,sbt.plugins.JUnitXmlReportPlugin,sbt.plugins.SemanticdbPlugin)
[debug] Plugins.deducer#function took 19.2218 ms
[debug]                       Load.resolveProject(global-plugins-build-build) took 29.7432ms
[debug]                     Load.loadTransitive: finalizeProject(Project(id global-plugins-build-build, base: C:\Users\CoolerMaster\.sbt\1.0\plugins\project\project, plugins: List(<none>))) took 67.6854ms
[debug] [Loading] Done in C:\Users\CoolerMaster\.sbt\1.0\plugins\project\project, returning: (global-plugins-build-build)
[debug]                   Load.loadUnit: loadedProjectsRaw took 88.3812ms
[debug]                   Load.loadUnit: cleanEvalClasses took 0.1763ms
[debug]                 Load.loadUnit(file:/C:/Users/CoolerMaster/.sbt/1.0/plugins/project/project/, ...) took 181.6689ms
[debug]               Load.apply: load took 289.8019ms
[debug]               Load.apply: resolveProjects took 7.8965ms
[debug]               Load.apply: finalTransforms took 42.6534ms
[debug]               Load.apply: config.delegates took 5.7278ms
[debug]               Load.apply: Def.make(settings)... took 524.2146ms
[debug]               Load.apply: structureIndex took 61.7618ms
[debug]               Load.apply: mkStreams took 1.1544ms
[info] loading global plugins from C:\Users\CoolerMaster\.sbt\1.0\plugins\project\project
[debug] Running task... Cancel: Signal, check cycles: false, forcegc: true
[debug]             Load.loadUnit: plugins took 1538.6398ms
[debug]             Load.loadUnit: defsScala took 0.0031ms
[debug] [Loading] Scanning directory C:\Users\CoolerMaster\.sbt\1.0\plugins\project
[debug]               Load.loadUnit: mkEval took 4.3437ms
[debug] [Loading] Found non-root projects 
[debug] [Loading] Done in C:\Users\CoolerMaster\.sbt\1.0\plugins\project, returning: ()
[debug] deducing auto plugins based on known facts Set(Atom(sbt.plugins.CorePlugin)) and clauses Clauses(List(Clause(Atom(sbt.plugins.JvmPlugin),Set(Atom(sbt.plugins.IvyPlugin))), Clause(Atom(sbt.ScriptedPlugin),Set(Atom(sbt.plugins.JvmPlugin))), Clause(Atom(sbt.plugins.SbtPlugin),Set(Atom(sbt.ScriptedPlugin))), Clause(Atom(sbt.plugins.SemanticdbPlugin),Set(Atom(sbt.plugins.JvmPlugin))), Clause(Atom(sbt.plugins.JUnitXmlReportPlugin),Set(Atom(sbt.plugins.JvmPlugin))), Clause(Atom(sbt.plugins.MiniDependencyTreePlugin),Set(Atom(sbt.plugins.JvmPlugin))), Clause(Atom(sbt.plugins.CorePlugin),Set(Atom(sbt.plugins.IvyPlugin))), Clause(Atom(sbt.plugins.IvyPlugin),Set(Atom(sbt.plugins.JvmPlugin))), Clause(Atom(sbt.plugins.JvmPlugin),Set(Atom(sbt.plugins.SemanticdbPlugin))), Clause(Atom(sbt.plugins.JvmPlugin),Set(Atom(sbt.plugins.JUnitXmlReportPlugin))), Clause(Atom(sbt.plugins.CorePlugin),Set(Atom(sbt.plugins.Giter8TemplatePlugin))), Clause(Atom(sbt.plugins.JvmPlugin),Set(Atom(sbt.plugins.MiniDependencyTreePlugin)))))
[debug]   :: deduced result: Matched(sbt.plugins.CorePlugin,sbt.plugins.Giter8TemplatePlugin,sbt.plugins.IvyPlugin,sbt.plugins.JvmPlugin,sbt.plugins.MiniDependencyTreePlugin,sbt.plugins.JUnitXmlReportPlugin,sbt.plugins.SemanticdbPlugin)
[debug] Plugins.deducer#function took 1.3375 ms
[info] loading settings for project global-plugins-build from plugins.sbt ...
[debug]                 Load.resolveProject(global-plugins-build) took 2.2185ms
[debug]               Load.loadTransitive: finalizeProject(Project(id global-plugins-build, base: C:\Users\CoolerMaster\.sbt\1.0\plugins\project, plugins: List(<none>))) took 3.9909ms
[debug] [Loading] Done in C:\Users\CoolerMaster\.sbt\1.0\plugins\project, returning: (global-plugins-build)
[debug]             Load.loadUnit: loadedProjectsRaw took 59.8715ms
[debug]             Load.loadUnit: cleanEvalClasses took 4.4863ms
[debug]           Load.loadUnit(file:/C:/Users/CoolerMaster/.sbt/1.0/plugins/project/, ...) took 1604.1105ms
[debug]         Load.apply: load took 1606.1952ms
[debug]         Load.apply: resolveProjects took 0.1114ms
[debug]         Load.apply: finalTransforms took 7.3398ms
[debug]         Load.apply: config.delegates took 0.3014ms
[debug]         Load.apply: Def.make(settings)... took 85.7128ms
[debug]         Load.apply: structureIndex took 20.7129ms
[debug]         Load.apply: mkStreams took 0.0027ms
[info] loading global plugins from C:\Users\CoolerMaster\.sbt\1.0\plugins\project
[debug] Running task... Cancel: Signal, check cycles: false, forcegc: true
[debug]       Load.loadUnit: plugins took 1848.6614ms
[debug]       Load.loadUnit: defsScala took 0.0019ms
[debug] [Loading] Scanning directory C:\Users\CoolerMaster\.sbt\1.0\plugins
[debug] [Loading] Found non-root projects 
[debug] [Loading] Done in C:\Users\CoolerMaster\.sbt\1.0\plugins, returning: ()
[debug] deducing auto plugins based on known facts Set(Atom(sbt.plugins.CorePlugin)) and clauses Clauses(List(Clause(Atom(sbt.plugins.JvmPlugin),Set(Atom(sbt.plugins.IvyPlugin))), Clause(Atom(sbt.ScriptedPlugin),Set(Atom(sbt.plugins.JvmPlugin))), Clause(Atom(sbt.plugins.SbtPlugin),Set(Atom(sbt.ScriptedPlugin))), Clause(Atom(sbt.plugins.SemanticdbPlugin),Set(Atom(sbt.plugins.JvmPlugin))), Clause(Atom(sbt.plugins.JUnitXmlReportPlugin),Set(Atom(sbt.plugins.JvmPlugin))), Clause(Atom(sbt.plugins.MiniDependencyTreePlugin),Set(Atom(sbt.plugins.JvmPlugin))), Clause(Atom(sbt.plugins.CorePlugin),Set(Atom(sbt.plugins.IvyPlugin))), Clause(Atom(sbt.plugins.IvyPlugin),Set(Atom(sbt.plugins.JvmPlugin))), Clause(Atom(sbt.plugins.JvmPlugin),Set(Atom(sbt.plugins.SemanticdbPlugin))), Clause(Atom(sbt.plugins.JvmPlugin),Set(Atom(sbt.plugins.JUnitXmlReportPlugin))), Clause(Atom(sbt.plugins.CorePlugin),Set(Atom(sbt.plugins.Giter8TemplatePlugin))), Clause(Atom(sbt.plugins.JvmPlugin),Set(Atom(sbt.plugins.MiniDependencyTreePlugin)))))
[debug]   :: deduced result: Matched(sbt.plugins.CorePlugin,sbt.plugins.Giter8TemplatePlugin,sbt.plugins.IvyPlugin,sbt.plugins.JvmPlugin,sbt.plugins.MiniDependencyTreePlugin,sbt.plugins.JUnitXmlReportPlugin,sbt.plugins.SemanticdbPlugin)
[debug] Plugins.deducer#function took 1.1436 ms
[debug]           Load.resolveProject(global-plugins) took 0.9366ms
[debug]         Load.loadTransitive: finalizeProject(Project(id global-plugins, base: C:\Users\CoolerMaster\.sbt\1.0\plugins, plugins: List(<none>))) took 2.4383ms
[debug] [Loading] Done in C:\Users\CoolerMaster\.sbt\1.0\plugins, returning: (global-plugins)
[debug]       Load.loadUnit: loadedProjectsRaw took 3.3073ms
[debug]       Load.loadUnit: cleanEvalClasses took 0.0163ms
[debug]     Load.loadUnit(file:/C:/Users/CoolerMaster/.sbt/1.0/plugins/, ...) took 1853.2861ms
[debug]   Load.apply: load took 1869.5235ms
[debug]   Load.apply: resolveProjects took 0.0687ms
[debug]   Load.apply: finalTransforms took 5.3361ms
[debug]   Load.apply: config.delegates took 0.2512ms
[debug]   Load.apply: Def.make(settings)... took 45.0605ms
[debug]   Load.apply: structureIndex took 17.4621ms
[debug]   Load.apply: mkStreams took 0.0027ms
[info] loading global plugins from C:\Users\CoolerMaster\.sbt\1.0\plugins
[debug] Running task... Cancel: Signal, check cycles: false, forcegc: true
[debug] Load.defaultLoad until apply took 2548.7012ms
[debug]           Load.loadUnit: plugins took 14.874ms
[debug]           Load.loadUnit: defsScala took 0.0023ms
[debug] [Loading] Scanning directory C:\Users\CoolerMaster\Documents\informatyka\2\seminarium_magisterskie\otocz\project
[debug]             Load.loadUnit: mkEval took 0.187ms
[debug] [Loading] Found non-root projects 
[debug] [Loading] Done in C:\Users\CoolerMaster\Documents\informatyka\2\seminarium_magisterskie\otocz\project, returning: ()
[debug] deducing auto plugins based on known facts Set(Atom(sbt.plugins.CorePlugin)) and clauses Clauses(List(Clause(Atom(sbt.plugins.JvmPlugin),Set(Atom(sbt.plugins.IvyPlugin))), Clause(Atom(sbt.ScriptedPlugin),Set(Atom(sbt.plugins.JvmPlugin))), Clause(Atom(sbt.plugins.SbtPlugin),Set(Atom(sbt.ScriptedPlugin))), Clause(Atom(sbt.plugins.SemanticdbPlugin),Set(Atom(sbt.plugins.JvmPlugin))), Clause(Atom(sbt.plugins.JUnitXmlReportPlugin),Set(Atom(sbt.plugins.JvmPlugin))), Clause(Atom(sbt.plugins.MiniDependencyTreePlugin),Set(Atom(sbt.plugins.JvmPlugin))), Clause(Atom(sbt.plugins.CorePlugin),Set(Atom(sbt.plugins.IvyPlugin))), Clause(Atom(sbt.plugins.IvyPlugin),Set(Atom(sbt.plugins.JvmPlugin))), Clause(Atom(sbt.plugins.JvmPlugin),Set(Atom(sbt.plugins.SemanticdbPlugin))), Clause(Atom(sbt.plugins.JvmPlugin),Set(Atom(sbt.plugins.JUnitXmlReportPlugin))), Clause(Atom(sbt.plugins.CorePlugin),Set(Atom(sbt.plugins.Giter8TemplatePlugin))), Clause(Atom(sbt.plugins.JvmPlugin),Set(Atom(sbt.plugins.MiniDependencyTreePlugin)))))
[debug]   :: deduced result: Matched(sbt.plugins.CorePlugin,sbt.plugins.Giter8TemplatePlugin,sbt.plugins.IvyPlugin,sbt.plugins.JvmPlugin,sbt.plugins.MiniDependencyTreePlugin,sbt.plugins.JUnitXmlReportPlugin,sbt.plugins.SemanticdbPlugin)
[debug] Plugins.deducer#function took 1.3706 ms
[info] loading settings for project otocz-build from idea1.sbt ...
[debug]               Load.resolveProject(otocz-build) took 1.2961ms
[debug]             Load.loadTransitive: finalizeProject(Project(id otocz-build, base: C:\Users\CoolerMaster\Documents\informatyka\2\seminarium_magisterskie\otocz\project, plugins: List(<none>))) took 3.0791ms
[debug] [Loading] Done in C:\Users\CoolerMaster\Documents\informatyka\2\seminarium_magisterskie\otocz\project, returning: (otocz-build)
[debug]           Load.loadUnit: loadedProjectsRaw took 18.8909ms
[debug]           Load.loadUnit: cleanEvalClasses took 2.7567ms
[debug]         Load.loadUnit(file:/C:/Users/CoolerMaster/Documents/informatyka/2/seminarium_magisterskie/otocz/project/, ...) took 37.2343ms
[debug]       Load.apply: load took 38.2498ms
[debug]       Load.apply: resolveProjects took 0.0746ms
[debug]       Load.apply: finalTransforms took 5.2916ms
[debug]       Load.apply: config.delegates took 0.3417ms
[debug]       Load.apply: Def.make(settings)... took 39.2123ms
[debug]       Load.apply: structureIndex took 16.9725ms
[debug]       Load.apply: mkStreams took 0.0038ms
[info] loading project definition from C:\Users\CoolerMaster\Documents\informatyka\2\seminarium_magisterskie\otocz\project
[debug] Running task... Cancel: Signal, check cycles: false, forcegc: true
[debug]     Load.loadUnit: plugins took 211.166ms
[debug]     Load.loadUnit: defsScala took 0.0032ms
[debug] [Loading] Scanning directory C:\Users\CoolerMaster\Documents\informatyka\2\seminarium_magisterskie\otocz
[debug]       Load.loadUnit: mkEval took 0.2005ms
[debug] [Loading] Found non-root projects 
[debug] [Loading] Done in C:\Users\CoolerMaster\Documents\informatyka\2\seminarium_magisterskie\otocz, returning: ()
[debug] deducing auto plugins based on known facts Set(Atom(sbt.plugins.CorePlugin)) and clauses Clauses(List(Clause(Atom(sbt.plugins.JvmPlugin),Set(Atom(sbt.plugins.IvyPlugin))), Clause(Atom(sbt.ScriptedPlugin),Set(Atom(sbt.plugins.JvmPlugin))), Clause(Atom(sbt.plugins.SbtPlugin),Set(Atom(sbt.ScriptedPlugin))), Clause(Atom(sbt.plugins.SemanticdbPlugin),Set(Atom(sbt.plugins.JvmPlugin))), Clause(Atom(sbt.plugins.JUnitXmlReportPlugin),Set(Atom(sbt.plugins.JvmPlugin))), Clause(Atom(sbt.plugins.MiniDependencyTreePlugin),Set(Atom(sbt.plugins.JvmPlugin))), Clause(Atom(org.jetbrains.sbt.StructurePlugin),Set(Atom(sbt.plugins.JvmPlugin))), Clause(Atom(org.jetbrains.sbt.IdeaShellPlugin),Set(Atom(sbt.plugins.JvmPlugin))), Clause(Atom(org.jetbrains.sbt.indices.SbtIntellijIndicesPlugin),Set(Atom(sbt.plugins.JvmPlugin))), Clause(Atom(sbt.plugins.CorePlugin),Set(Atom(sbt.plugins.IvyPlugin))), Clause(Atom(sbt.plugins.IvyPlugin),Set(Atom(sbt.plugins.JvmPlugin))), Clause(Atom(sbt.plugins.JvmPlugin),Set(Atom(sbt.plugins.SemanticdbPlugin))), Clause(Atom(sbt.plugins.JvmPlugin),Set(Atom(sbt.plugins.JUnitXmlReportPlugin))), Clause(Atom(sbt.plugins.CorePlugin),Set(Atom(sbt.plugins.Giter8TemplatePlugin))), Clause(Atom(sbt.plugins.JvmPlugin),Set(Atom(sbt.plugins.MiniDependencyTreePlugin))), Clause(Atom(sbt.plugins.JvmPlugin),Set(Atom(org.jetbrains.sbt.StructurePlugin))), Clause(Atom(sbt.plugins.JvmPlugin),Set(Atom(org.jetbrains.sbt.IdeaShellPlugin))), Clause(And(Set(Atom(sbt.plugins.CorePlugin), Atom(sbt.plugins.JvmPlugin))),Set(Atom(org.jetbrains.sbt.indices.SbtIntellijIndicesPlugin)))))
[debug]   :: deduced result: Matched(sbt.plugins.CorePlugin,sbt.plugins.Giter8TemplatePlugin,sbt.plugins.IvyPlugin,sbt.plugins.JvmPlugin,sbt.plugins.SemanticdbPlugin,org.jetbrains.sbt.indices.SbtIntellijIndicesPlugin,sbt.plugins.JUnitXmlReportPlugin,org.jetbrains.sbt.IdeaShellPlugin,org.jetbrains.sbt.StructurePlugin,sbt.plugins.MiniDependencyTreePlugin)
[debug] Plugins.deducer#function took 1.1727 ms
[info] loading settings for project otocz from build.sbt ...
[debug]         Load.resolveProject(otocz) took 18.9513ms
[debug]       Load.loadTransitive: finalizeProject(Project(id otocz, base: C:\Users\CoolerMaster\Documents\informatyka\2\seminarium_magisterskie\otocz, plugins: List(<none>))) took 20.8287ms
[debug] [Loading] Done in C:\Users\CoolerMaster\Documents\informatyka\2\seminarium_magisterskie\otocz, returning: (otocz)
[debug]     Load.loadUnit: loadedProjectsRaw took 55.999ms
[debug]     Load.loadUnit: cleanEvalClasses took 11.4192ms
[debug]   Load.loadUnit(file:/C:/Users/CoolerMaster/Documents/informatyka/2/seminarium_magisterskie/otocz/, ...) took 279.5525ms
[debug] Load.apply: load took 280.9201ms
[debug] Load.apply: resolveProjects took 0.1409ms
[debug] Load.apply: finalTransforms took 19.3001ms
[debug] Load.apply: config.delegates took 0.2747ms
[debug] Load.apply: Def.make(settings)... took 42.9837ms
[debug] Load.apply: structureIndex took 14.1897ms
[debug] Load.apply: mkStreams took 0.0017ms
[info] set current project to otocz (in build file:/C:/Users/CoolerMaster/Documents/informatyka/2/seminarium_magisterskie/otocz/)
[debug] > Exec(sbtPopOnFailure, None, None)
[debug] > Exec(resumeFromFailure, None, None)
[debug] > Exec(notifyUsersAboutShell, None, None)
[debug] > Exec(iflast shell, None, None)
[debug] > Exec(; set ideaPort in Global := 57415 ; idea-shell, None, None)
[debug] > Exec(set ideaPort in Global := 57415, None, None)
[info] Defining Global / ideaPort
[info] The new value will be used by Compile / compile, Test / compile
[debug] Defining 
[debug] 	Global / ideaPort
[debug] 
[debug] The new value will be used by 
[debug] 	Compile / compile
[debug] 	Test / compile
[info] Reapplying settings...
[info] set current project to otocz (in build file:/C:/Users/CoolerMaster/Documents/informatyka/2/seminarium_magisterskie/otocz/)
[debug] > Exec(idea-shell, None, None)
